<?xml version="1.0" encoding="UTF-8"?>
<testsuite name="tests.PracticeFormTest" tests="1" skipped="0" failures="0" errors="0" timestamp="2024-12-09T13:46:56" hostname="DESKTOP-9S7F8F1" time="5.711">
  <properties/>
  <testcase name="fillFormTest()" classname="tests.PracticeFormTest" time="5.711"/>
  <system-out><![CDATA[]]></system-out>
  <system-err><![CDATA[[Test worker] INFO com.codeborne.selenide.WebDriverThreadLocalContainer - No webdriver is bound to current thread: 1 - let's create a new webdriver
[Test worker] INFO com.codeborne.selenide.impl.FileHelper - Creating folder: C:\Users\Alisa\IdeaProjects\HW6\build\downloads\1733752016359_3592_1
дек. 09, 2024 4:46:57 PM org.openqa.selenium.devtools.CdpVersionFinder findNearestMatch
WARNING: Unable to find an exact match for CDP version 131, returning the closest version; found: 129; Please update to a Selenium version that supports CDP version 131
[Test worker] INFO com.codeborne.selenide.webdriver.WebDriverFactory - BrowserName=chrome Version=131.0.6778.109 Platform=windows
[Test worker] INFO com.codeborne.selenide.webdriver.WebDriverFactory - Selenide v. 7.5.1
[Test worker] INFO com.codeborne.selenide.webdriver.WebDriverFactory - Selenium WebDriver v. 4.25.0 build revision: 8a8aea2337
[Test worker] INFO com.codeborne.selenide.drivercommands.CreateDriverCommand - Created webdriver in thread 1: ChromeDriver -> ChromeDriver: chrome on windows (f430289c00a027c149bbb2e264b9a297), downloadsFolder: C:\Users\Alisa\IdeaProjects\HW6\build\downloads\1733752016359_3592_1
[Test worker] INFO com.codeborne.selenide.drivercommands.DisposablesRegistry - Register WebDriverInstance[config=com.codeborne.selenide.ThreadLocalSelenideConfig@7da10b5b, webDriver=ChromeDriver: chrome on windows (f430289c00a027c149bbb2e264b9a297), proxy=null, downloadsFolder=C:\Users\Alisa\IdeaProjects\HW6\build\downloads\1733752016359_3592_1] in 1 [size=1]
[Test worker] INFO com.codeborne.selenide.drivercommands.DisposablesRegistry - Add shutdown hook in 1 [size=1]
[Test worker] INFO com.codeborne.selenide.impl.FileHelper - Deleted empty folder: C:\Users\Alisa\IdeaProjects\HW6\build\downloads\1733752016359_3592_1
[Test worker] INFO com.codeborne.selenide.drivercommands.CloseDriverCommand - Close webdriver: 1 -> ChromeDriver: chrome on windows (f430289c00a027c149bbb2e264b9a297)...
[Test worker] INFO com.codeborne.selenide.drivercommands.CloseDriverCommand - Closed webdriver 1 in 125 ms
[Test worker] INFO com.codeborne.selenide.drivercommands.DisposablesRegistry - Unregister WebDriverInstance[config=com.codeborne.selenide.ThreadLocalSelenideConfig@7da10b5b, webDriver=ChromeDriver: chrome on windows (null), proxy=null, downloadsFolder=C:\Users\Alisa\IdeaProjects\HW6\build\downloads\1733752016359_3592_1] in 1 [size=0]
]]></system-err>
</testsuite>
